mode: set
github.com/gov-dx-sandbox/exchange/consent-engine/database.go:32.42,59.2 9 1
github.com/gov-dx-sandbox/exchange/consent-engine/database.go:62.58,63.52 1 1
github.com/gov-dx-sandbox/exchange/consent-engine/database.go:63.52,64.87 1 1
github.com/gov-dx-sandbox/exchange/consent-engine/database.go:64.87,66.4 1 1
github.com/gov-dx-sandbox/exchange/consent-engine/database.go:68.2,68.21 1 1
github.com/gov-dx-sandbox/exchange/consent-engine/database.go:72.69,73.62 1 1
github.com/gov-dx-sandbox/exchange/consent-engine/database.go:73.62,74.59 1 1
github.com/gov-dx-sandbox/exchange/consent-engine/database.go:74.59,76.4 1 1
github.com/gov-dx-sandbox/exchange/consent-engine/database.go:79.2,79.65 1 1
github.com/gov-dx-sandbox/exchange/consent-engine/database.go:79.65,81.3 1 1
github.com/gov-dx-sandbox/exchange/consent-engine/database.go:83.2,83.18 1 0
github.com/gov-dx-sandbox/exchange/consent-engine/database.go:87.57,96.63 4 1
github.com/gov-dx-sandbox/exchange/consent-engine/database.go:96.63,101.17 3 1
github.com/gov-dx-sandbox/exchange/consent-engine/database.go:101.17,103.38 2 0
github.com/gov-dx-sandbox/exchange/consent-engine/database.go:103.38,105.13 2 0
github.com/gov-dx-sandbox/exchange/consent-engine/database.go:107.4,107.113 1 0
github.com/gov-dx-sandbox/exchange/consent-engine/database.go:111.3,121.17 8 1
github.com/gov-dx-sandbox/exchange/consent-engine/database.go:121.17,124.38 3 0
github.com/gov-dx-sandbox/exchange/consent-engine/database.go:124.38,126.13 2 0
github.com/gov-dx-sandbox/exchange/consent-engine/database.go:128.4,128.102 1 0
github.com/gov-dx-sandbox/exchange/consent-engine/database.go:132.3,141.17 2 1
github.com/gov-dx-sandbox/exchange/consent-engine/database.go:144.2,144.67 1 0
github.com/gov-dx-sandbox/exchange/consent-engine/database.go:148.137,154.2 3 1
github.com/gov-dx-sandbox/exchange/consent-engine/database.go:157.134,163.2 3 1
github.com/gov-dx-sandbox/exchange/consent-engine/database.go:172.137,178.2 3 1
github.com/gov-dx-sandbox/exchange/consent-engine/database.go:181.37,218.16 3 1
github.com/gov-dx-sandbox/exchange/consent-engine/database.go:218.16,220.3 1 0
github.com/gov-dx-sandbox/exchange/consent-engine/database.go:222.2,223.12 2 1
github.com/gov-dx-sandbox/exchange/consent-engine/engine.go:92.67,112.2 5 1
github.com/gov-dx-sandbox/exchange/consent-engine/engine.go:143.62,150.69 2 1
github.com/gov-dx-sandbox/exchange/consent-engine/engine.go:150.69,153.3 2 1
github.com/gov-dx-sandbox/exchange/consent-engine/engine.go:155.2,155.17 1 1
github.com/gov-dx-sandbox/exchange/consent-engine/engine.go:214.33,216.2 1 1
github.com/gov-dx-sandbox/exchange/consent-engine/engine.go:219.54,220.20 1 1
github.com/gov-dx-sandbox/exchange/consent-engine/engine.go:220.20,222.3 1 1
github.com/gov-dx-sandbox/exchange/consent-engine/engine.go:223.2,223.17 1 1
github.com/gov-dx-sandbox/exchange/consent-engine/engine.go:227.87,229.16 2 1
github.com/gov-dx-sandbox/exchange/consent-engine/engine.go:229.16,231.3 1 1
github.com/gov-dx-sandbox/exchange/consent-engine/engine.go:232.2,232.37 1 1
github.com/gov-dx-sandbox/exchange/consent-engine/engine.go:237.63,238.20 1 1
github.com/gov-dx-sandbox/exchange/consent-engine/engine.go:238.20,241.3 1 1
github.com/gov-dx-sandbox/exchange/consent-engine/engine.go:244.2,244.45 1 1
github.com/gov-dx-sandbox/exchange/consent-engine/engine.go:244.45,246.3 1 1
github.com/gov-dx-sandbox/exchange/consent-engine/engine.go:249.2,249.40 1 1
github.com/gov-dx-sandbox/exchange/consent-engine/engine.go:253.67,255.35 1 1
github.com/gov-dx-sandbox/exchange/consent-engine/engine.go:255.35,257.3 1 1
github.com/gov-dx-sandbox/exchange/consent-engine/engine.go:260.2,260.46 1 1
github.com/gov-dx-sandbox/exchange/consent-engine/engine.go:260.46,262.3 1 0
github.com/gov-dx-sandbox/exchange/consent-engine/engine.go:263.2,270.32 5 1
github.com/gov-dx-sandbox/exchange/consent-engine/engine.go:270.32,271.18 1 1
github.com/gov-dx-sandbox/exchange/consent-engine/engine.go:271.18,273.9 2 1
github.com/gov-dx-sandbox/exchange/consent-engine/engine.go:278.2,279.21 2 1
github.com/gov-dx-sandbox/exchange/consent-engine/engine.go:279.21,281.3 1 1
github.com/gov-dx-sandbox/exchange/consent-engine/engine.go:284.2,285.16 2 1
github.com/gov-dx-sandbox/exchange/consent-engine/engine.go:285.16,287.3 1 0
github.com/gov-dx-sandbox/exchange/consent-engine/engine.go:288.2,292.16 3 1
github.com/gov-dx-sandbox/exchange/consent-engine/engine.go:292.16,294.3 1 0
github.com/gov-dx-sandbox/exchange/consent-engine/engine.go:295.2,299.16 3 1
github.com/gov-dx-sandbox/exchange/consent-engine/engine.go:299.16,301.3 1 0
github.com/gov-dx-sandbox/exchange/consent-engine/engine.go:302.2,305.21 2 1
github.com/gov-dx-sandbox/exchange/consent-engine/engine.go:305.21,310.17 3 1
github.com/gov-dx-sandbox/exchange/consent-engine/engine.go:310.17,312.4 1 0
github.com/gov-dx-sandbox/exchange/consent-engine/engine.go:313.3,317.17 3 1
github.com/gov-dx-sandbox/exchange/consent-engine/engine.go:317.17,319.4 1 0
github.com/gov-dx-sandbox/exchange/consent-engine/engine.go:320.3,324.17 3 1
github.com/gov-dx-sandbox/exchange/consent-engine/engine.go:324.17,326.4 1 0
github.com/gov-dx-sandbox/exchange/consent-engine/engine.go:327.3,327.48 1 1
github.com/gov-dx-sandbox/exchange/consent-engine/engine.go:330.2,330.19 1 1
github.com/gov-dx-sandbox/exchange/consent-engine/engine.go:334.47,339.2 3 1
github.com/gov-dx-sandbox/exchange/consent-engine/engine.go:342.67,347.23 4 1
github.com/gov-dx-sandbox/exchange/consent-engine/engine.go:347.23,349.3 1 1
github.com/gov-dx-sandbox/exchange/consent-engine/engine.go:351.2,352.16 2 1
github.com/gov-dx-sandbox/exchange/consent-engine/engine.go:352.16,354.3 1 0
github.com/gov-dx-sandbox/exchange/consent-engine/engine.go:357.2,358.30 2 1
github.com/gov-dx-sandbox/exchange/consent-engine/engine.go:362.52,364.35 2 1
github.com/gov-dx-sandbox/exchange/consent-engine/engine.go:364.35,366.3 1 1
github.com/gov-dx-sandbox/exchange/consent-engine/engine.go:367.2,367.18 1 1
github.com/gov-dx-sandbox/exchange/consent-engine/engine.go:371.63,381.13 3 1
github.com/gov-dx-sandbox/exchange/consent-engine/engine.go:381.13,383.3 1 1
github.com/gov-dx-sandbox/exchange/consent-engine/engine.go:385.2,385.33 1 1
github.com/gov-dx-sandbox/exchange/consent-engine/engine.go:385.33,386.20 1 1
github.com/gov-dx-sandbox/exchange/consent-engine/engine.go:386.20,388.4 1 1
github.com/gov-dx-sandbox/exchange/consent-engine/engine.go:390.2,390.14 1 1
github.com/gov-dx-sandbox/exchange/consent-engine/engine_postgres.go:20.82,25.2 1 1
github.com/gov-dx-sandbox/exchange/consent-engine/engine_postgres.go:28.101,30.21 1 1
github.com/gov-dx-sandbox/exchange/consent-engine/engine_postgres.go:30.21,32.3 1 1
github.com/gov-dx-sandbox/exchange/consent-engine/engine_postgres.go:34.2,34.39 1 1
github.com/gov-dx-sandbox/exchange/consent-engine/engine_postgres.go:34.39,36.3 1 1
github.com/gov-dx-sandbox/exchange/consent-engine/engine_postgres.go:40.2,46.16 5 1
github.com/gov-dx-sandbox/exchange/consent-engine/engine_postgres.go:46.16,48.3 1 0
github.com/gov-dx-sandbox/exchange/consent-engine/engine_postgres.go:51.2,51.35 1 1
github.com/gov-dx-sandbox/exchange/consent-engine/engine_postgres.go:51.35,59.17 3 1
github.com/gov-dx-sandbox/exchange/consent-engine/engine_postgres.go:59.17,61.4 1 0
github.com/gov-dx-sandbox/exchange/consent-engine/engine_postgres.go:63.3,63.29 1 1
github.com/gov-dx-sandbox/exchange/consent-engine/engine_postgres.go:67.2,68.16 2 1
github.com/gov-dx-sandbox/exchange/consent-engine/engine_postgres.go:68.16,70.3 1 0
github.com/gov-dx-sandbox/exchange/consent-engine/engine_postgres.go:73.2,73.28 1 1
github.com/gov-dx-sandbox/exchange/consent-engine/engine_postgres.go:73.28,82.17 3 1
github.com/gov-dx-sandbox/exchange/consent-engine/engine_postgres.go:82.17,84.4 1 0
github.com/gov-dx-sandbox/exchange/consent-engine/engine_postgres.go:86.3,86.29 1 1
github.com/gov-dx-sandbox/exchange/consent-engine/engine_postgres.go:90.2,95.54 4 1
github.com/gov-dx-sandbox/exchange/consent-engine/engine_postgres.go:95.54,96.44 1 1
github.com/gov-dx-sandbox/exchange/consent-engine/engine_postgres.go:96.44,99.4 1 1
github.com/gov-dx-sandbox/exchange/consent-engine/engine_postgres.go:103.2,107.16 3 1
github.com/gov-dx-sandbox/exchange/consent-engine/engine_postgres.go:107.16,109.3 1 0
github.com/gov-dx-sandbox/exchange/consent-engine/engine_postgres.go:112.2,129.16 4 1
github.com/gov-dx-sandbox/exchange/consent-engine/engine_postgres.go:129.16,131.3 1 0
github.com/gov-dx-sandbox/exchange/consent-engine/engine_postgres.go:133.2,156.20 3 1
github.com/gov-dx-sandbox/exchange/consent-engine/engine_postgres.go:160.93,162.2 1 1
github.com/gov-dx-sandbox/exchange/consent-engine/engine_postgres.go:165.94,184.16 5 1
github.com/gov-dx-sandbox/exchange/consent-engine/engine_postgres.go:184.16,185.27 1 1
github.com/gov-dx-sandbox/exchange/consent-engine/engine_postgres.go:185.27,187.4 1 1
github.com/gov-dx-sandbox/exchange/consent-engine/engine_postgres.go:188.3,188.71 1 0
github.com/gov-dx-sandbox/exchange/consent-engine/engine_postgres.go:191.2,191.21 1 1
github.com/gov-dx-sandbox/exchange/consent-engine/engine_postgres.go:195.117,198.16 2 1
github.com/gov-dx-sandbox/exchange/consent-engine/engine_postgres.go:198.16,200.3 1 1
github.com/gov-dx-sandbox/exchange/consent-engine/engine_postgres.go:203.2,203.80 1 1
github.com/gov-dx-sandbox/exchange/consent-engine/engine_postgres.go:203.80,205.3 1 1
github.com/gov-dx-sandbox/exchange/consent-engine/engine_postgres.go:208.2,212.25 3 1
github.com/gov-dx-sandbox/exchange/consent-engine/engine_postgres.go:212.25,214.3 1 1
github.com/gov-dx-sandbox/exchange/consent-engine/engine_postgres.go:217.2,218.22 2 1
github.com/gov-dx-sandbox/exchange/consent-engine/engine_postgres.go:218.22,220.3 1 1
github.com/gov-dx-sandbox/exchange/consent-engine/engine_postgres.go:223.2,224.16 2 1
github.com/gov-dx-sandbox/exchange/consent-engine/engine_postgres.go:224.16,226.3 1 0
github.com/gov-dx-sandbox/exchange/consent-engine/engine_postgres.go:228.2,239.16 3 1
github.com/gov-dx-sandbox/exchange/consent-engine/engine_postgres.go:239.16,241.3 1 0
github.com/gov-dx-sandbox/exchange/consent-engine/engine_postgres.go:244.2,257.28 9 1
github.com/gov-dx-sandbox/exchange/consent-engine/engine_postgres.go:261.106,268.2 2 1
github.com/gov-dx-sandbox/exchange/consent-engine/engine_postgres.go:271.82,284.16 4 1
github.com/gov-dx-sandbox/exchange/consent-engine/engine_postgres.go:284.16,286.3 1 0
github.com/gov-dx-sandbox/exchange/consent-engine/engine_postgres.go:287.2,291.18 3 1
github.com/gov-dx-sandbox/exchange/consent-engine/engine_postgres.go:291.18,300.17 3 1
github.com/gov-dx-sandbox/exchange/consent-engine/engine_postgres.go:300.17,302.4 1 0
github.com/gov-dx-sandbox/exchange/consent-engine/engine_postgres.go:305.3,307.17 3 1
github.com/gov-dx-sandbox/exchange/consent-engine/engine_postgres.go:307.17,309.12 2 0
github.com/gov-dx-sandbox/exchange/consent-engine/engine_postgres.go:312.3,312.51 1 1
github.com/gov-dx-sandbox/exchange/consent-engine/engine_postgres.go:315.2,315.34 1 1
github.com/gov-dx-sandbox/exchange/consent-engine/engine_postgres.go:315.34,317.3 1 0
github.com/gov-dx-sandbox/exchange/consent-engine/engine_postgres.go:319.2,319.29 1 1
github.com/gov-dx-sandbox/exchange/consent-engine/engine_postgres.go:319.29,321.3 1 1
github.com/gov-dx-sandbox/exchange/consent-engine/engine_postgres.go:322.2,322.28 1 1
github.com/gov-dx-sandbox/exchange/consent-engine/engine_postgres.go:326.109,327.12 1 1
github.com/gov-dx-sandbox/exchange/consent-engine/engine_postgres.go:327.12,333.7 4 1
github.com/gov-dx-sandbox/exchange/consent-engine/engine_postgres.go:333.7,334.11 1 1
github.com/gov-dx-sandbox/exchange/consent-engine/engine_postgres.go:335.20,337.19 2 0
github.com/gov-dx-sandbox/exchange/consent-engine/engine_postgres.go:337.19,339.6 1 0
github.com/gov-dx-sandbox/exchange/consent-engine/engine_postgres.go:340.22,342.11 2 1
github.com/gov-dx-sandbox/exchange/consent-engine/engine_postgres.go:349.65,353.2 1 1
github.com/gov-dx-sandbox/exchange/consent-engine/engine_postgres.go:357.111,380.16 5 1
github.com/gov-dx-sandbox/exchange/consent-engine/engine_postgres.go:380.16,381.27 1 1
github.com/gov-dx-sandbox/exchange/consent-engine/engine_postgres.go:381.27,383.4 1 1
github.com/gov-dx-sandbox/exchange/consent-engine/engine_postgres.go:384.3,384.70 1 0
github.com/gov-dx-sandbox/exchange/consent-engine/engine_postgres.go:387.2,387.21 1 1
github.com/gov-dx-sandbox/exchange/consent-engine/engine_postgres.go:392.118,413.16 5 1
github.com/gov-dx-sandbox/exchange/consent-engine/engine_postgres.go:413.16,414.27 1 1
github.com/gov-dx-sandbox/exchange/consent-engine/engine_postgres.go:414.27,416.4 1 1
github.com/gov-dx-sandbox/exchange/consent-engine/engine_postgres.go:417.3,417.70 1 0
github.com/gov-dx-sandbox/exchange/consent-engine/engine_postgres.go:420.2,420.21 1 1
github.com/gov-dx-sandbox/exchange/consent-engine/engine_postgres.go:424.142,427.54 2 1
github.com/gov-dx-sandbox/exchange/consent-engine/engine_postgres.go:427.54,428.44 1 1
github.com/gov-dx-sandbox/exchange/consent-engine/engine_postgres.go:428.44,431.4 1 1
github.com/gov-dx-sandbox/exchange/consent-engine/engine_postgres.go:435.2,440.16 4 1
github.com/gov-dx-sandbox/exchange/consent-engine/engine_postgres.go:440.16,442.3 1 0
github.com/gov-dx-sandbox/exchange/consent-engine/engine_postgres.go:445.2,454.16 3 1
github.com/gov-dx-sandbox/exchange/consent-engine/engine_postgres.go:454.16,456.3 1 0
github.com/gov-dx-sandbox/exchange/consent-engine/engine_postgres.go:459.2,465.28 6 1
github.com/gov-dx-sandbox/exchange/consent-engine/engine_postgres.go:469.101,490.16 5 1
github.com/gov-dx-sandbox/exchange/consent-engine/engine_postgres.go:490.16,491.27 1 1
github.com/gov-dx-sandbox/exchange/consent-engine/engine_postgres.go:491.27,493.4 1 1
github.com/gov-dx-sandbox/exchange/consent-engine/engine_postgres.go:494.3,495.13 2 0
github.com/gov-dx-sandbox/exchange/consent-engine/engine_postgres.go:498.2,498.16 1 1
github.com/gov-dx-sandbox/exchange/consent-engine/engine_postgres.go:502.113,505.20 2 1
github.com/gov-dx-sandbox/exchange/consent-engine/engine_postgres.go:506.17,507.26 1 1
github.com/gov-dx-sandbox/exchange/consent-engine/engine_postgres.go:508.14,509.26 1 1
github.com/gov-dx-sandbox/exchange/consent-engine/engine_postgres.go:510.16,511.25 1 1
github.com/gov-dx-sandbox/exchange/consent-engine/engine_postgres.go:512.10,513.59 1 1
github.com/gov-dx-sandbox/exchange/consent-engine/engine_postgres.go:517.2,523.52 2 1
github.com/gov-dx-sandbox/exchange/consent-engine/engine_postgres.go:527.102,538.16 3 1
github.com/gov-dx-sandbox/exchange/consent-engine/engine_postgres.go:538.16,540.3 1 0
github.com/gov-dx-sandbox/exchange/consent-engine/engine_postgres.go:541.2,545.18 3 1
github.com/gov-dx-sandbox/exchange/consent-engine/engine_postgres.go:545.18,553.17 3 1
github.com/gov-dx-sandbox/exchange/consent-engine/engine_postgres.go:553.17,555.4 1 0
github.com/gov-dx-sandbox/exchange/consent-engine/engine_postgres.go:557.3,557.37 1 1
github.com/gov-dx-sandbox/exchange/consent-engine/engine_postgres.go:560.2,560.34 1 1
github.com/gov-dx-sandbox/exchange/consent-engine/engine_postgres.go:560.34,562.3 1 0
github.com/gov-dx-sandbox/exchange/consent-engine/engine_postgres.go:564.2,564.21 1 1
github.com/gov-dx-sandbox/exchange/consent-engine/engine_postgres.go:568.100,579.16 3 1
github.com/gov-dx-sandbox/exchange/consent-engine/engine_postgres.go:579.16,581.3 1 0
github.com/gov-dx-sandbox/exchange/consent-engine/engine_postgres.go:582.2,586.18 3 1
github.com/gov-dx-sandbox/exchange/consent-engine/engine_postgres.go:586.18,594.17 3 1
github.com/gov-dx-sandbox/exchange/consent-engine/engine_postgres.go:594.17,596.4 1 0
github.com/gov-dx-sandbox/exchange/consent-engine/engine_postgres.go:598.3,598.37 1 1
github.com/gov-dx-sandbox/exchange/consent-engine/engine_postgres.go:601.2,601.34 1 1
github.com/gov-dx-sandbox/exchange/consent-engine/engine_postgres.go:601.34,603.3 1 0
github.com/gov-dx-sandbox/exchange/consent-engine/engine_postgres.go:605.2,605.21 1 1
github.com/gov-dx-sandbox/exchange/consent-engine/jwt_verifier.go:51.69,61.2 1 1
github.com/gov-dx-sandbox/exchange/consent-engine/jwt_verifier.go:65.101,68.16 2 1
github.com/gov-dx-sandbox/exchange/consent-engine/jwt_verifier.go:68.16,70.3 1 0
github.com/gov-dx-sandbox/exchange/consent-engine/jwt_verifier.go:72.2,73.25 2 1
github.com/gov-dx-sandbox/exchange/consent-engine/jwt_verifier.go:73.25,75.3 1 0
github.com/gov-dx-sandbox/exchange/consent-engine/jwt_verifier.go:79.2,79.52 1 1
github.com/gov-dx-sandbox/exchange/consent-engine/jwt_verifier.go:79.52,81.3 1 0
github.com/gov-dx-sandbox/exchange/consent-engine/jwt_verifier.go:82.2,82.33 1 1
github.com/gov-dx-sandbox/exchange/consent-engine/jwt_verifier.go:82.33,84.3 1 0
github.com/gov-dx-sandbox/exchange/consent-engine/jwt_verifier.go:87.2,87.24 1 1
github.com/gov-dx-sandbox/exchange/consent-engine/jwt_verifier.go:87.24,89.3 1 0
github.com/gov-dx-sandbox/exchange/consent-engine/jwt_verifier.go:90.2,90.32 1 1
github.com/gov-dx-sandbox/exchange/consent-engine/jwt_verifier.go:90.32,92.3 1 1
github.com/gov-dx-sandbox/exchange/consent-engine/jwt_verifier.go:94.2,95.18 2 1
github.com/gov-dx-sandbox/exchange/consent-engine/jwt_verifier.go:99.87,100.44 1 1
github.com/gov-dx-sandbox/exchange/consent-engine/jwt_verifier.go:100.44,102.3 1 1
github.com/gov-dx-sandbox/exchange/consent-engine/jwt_verifier.go:104.2,104.103 1 1
github.com/gov-dx-sandbox/exchange/consent-engine/jwt_verifier.go:104.103,105.57 1 1
github.com/gov-dx-sandbox/exchange/consent-engine/jwt_verifier.go:105.57,107.4 1 0
github.com/gov-dx-sandbox/exchange/consent-engine/jwt_verifier.go:108.3,109.10 2 1
github.com/gov-dx-sandbox/exchange/consent-engine/jwt_verifier.go:109.10,111.4 1 0
github.com/gov-dx-sandbox/exchange/consent-engine/jwt_verifier.go:112.3,113.14 2 1
github.com/gov-dx-sandbox/exchange/consent-engine/jwt_verifier.go:113.14,116.40 2 0
github.com/gov-dx-sandbox/exchange/consent-engine/jwt_verifier.go:116.40,118.5 1 0
github.com/gov-dx-sandbox/exchange/consent-engine/jwt_verifier.go:119.4,120.15 2 0
github.com/gov-dx-sandbox/exchange/consent-engine/jwt_verifier.go:120.15,122.5 1 0
github.com/gov-dx-sandbox/exchange/consent-engine/jwt_verifier.go:124.3,124.24 1 1
github.com/gov-dx-sandbox/exchange/consent-engine/jwt_verifier.go:129.41,134.16 4 1
github.com/gov-dx-sandbox/exchange/consent-engine/jwt_verifier.go:134.16,136.3 1 0
github.com/gov-dx-sandbox/exchange/consent-engine/jwt_verifier.go:138.2,139.16 2 1
github.com/gov-dx-sandbox/exchange/consent-engine/jwt_verifier.go:139.16,141.3 1 0
github.com/gov-dx-sandbox/exchange/consent-engine/jwt_verifier.go:142.2,144.38 2 1
github.com/gov-dx-sandbox/exchange/consent-engine/jwt_verifier.go:144.38,146.3 1 1
github.com/gov-dx-sandbox/exchange/consent-engine/jwt_verifier.go:148.2,149.16 2 1
github.com/gov-dx-sandbox/exchange/consent-engine/jwt_verifier.go:149.16,151.3 1 0
github.com/gov-dx-sandbox/exchange/consent-engine/jwt_verifier.go:153.2,154.52 2 1
github.com/gov-dx-sandbox/exchange/consent-engine/jwt_verifier.go:154.52,156.3 1 0
github.com/gov-dx-sandbox/exchange/consent-engine/jwt_verifier.go:159.2,162.32 2 1
github.com/gov-dx-sandbox/exchange/consent-engine/jwt_verifier.go:162.32,163.43 1 1
github.com/gov-dx-sandbox/exchange/consent-engine/jwt_verifier.go:163.43,165.18 2 1
github.com/gov-dx-sandbox/exchange/consent-engine/jwt_verifier.go:165.18,167.13 2 0
github.com/gov-dx-sandbox/exchange/consent-engine/jwt_verifier.go:169.4,169.31 1 1
github.com/gov-dx-sandbox/exchange/consent-engine/jwt_verifier.go:173.2,175.12 3 1
github.com/gov-dx-sandbox/exchange/consent-engine/jwt_verifier.go:179.84,182.16 2 1
github.com/gov-dx-sandbox/exchange/consent-engine/jwt_verifier.go:182.16,184.3 1 0
github.com/gov-dx-sandbox/exchange/consent-engine/jwt_verifier.go:187.2,188.16 2 1
github.com/gov-dx-sandbox/exchange/consent-engine/jwt_verifier.go:188.16,190.3 1 0
github.com/gov-dx-sandbox/exchange/consent-engine/jwt_verifier.go:193.2,197.35 3 1
github.com/gov-dx-sandbox/exchange/consent-engine/jwt_verifier.go:197.35,199.3 1 0
github.com/gov-dx-sandbox/exchange/consent-engine/jwt_verifier.go:201.2,204.8 1 1
github.com/gov-dx-sandbox/exchange/consent-engine/jwt_verifier.go:208.92,209.29 1 1
github.com/gov-dx-sandbox/exchange/consent-engine/jwt_verifier.go:209.29,211.3 1 1
github.com/gov-dx-sandbox/exchange/consent-engine/jwt_verifier.go:212.2,212.36 1 1
github.com/gov-dx-sandbox/exchange/consent-engine/jwt_verifier.go:212.36,213.30 1 1
github.com/gov-dx-sandbox/exchange/consent-engine/jwt_verifier.go:213.30,215.4 1 1
github.com/gov-dx-sandbox/exchange/consent-engine/jwt_verifier.go:217.2,217.14 1 1
github.com/gov-dx-sandbox/exchange/consent-engine/jwt_verifier.go:221.47,222.61 1 1
github.com/gov-dx-sandbox/exchange/consent-engine/jwt_verifier.go:222.61,224.3 1 1
github.com/gov-dx-sandbox/exchange/consent-engine/jwt_verifier.go:225.2,225.12 1 1
github.com/gov-dx-sandbox/exchange/consent-engine/jwt_verifier.go:229.75,231.2 1 1
github.com/gov-dx-sandbox/exchange/consent-engine/jwt_verifier.go:234.79,236.9 2 1
github.com/gov-dx-sandbox/exchange/consent-engine/jwt_verifier.go:236.9,238.3 1 1
github.com/gov-dx-sandbox/exchange/consent-engine/jwt_verifier.go:240.2,240.24 1 1
github.com/gov-dx-sandbox/exchange/consent-engine/jwt_verifier.go:240.24,242.3 1 1
github.com/gov-dx-sandbox/exchange/consent-engine/jwt_verifier.go:244.2,244.26 1 1
github.com/gov-dx-sandbox/exchange/consent-engine/jwt_verifier.go:248.81,250.16 2 1
github.com/gov-dx-sandbox/exchange/consent-engine/jwt_verifier.go:250.16,252.3 1 0
github.com/gov-dx-sandbox/exchange/consent-engine/jwt_verifier.go:254.2,255.16 2 1
github.com/gov-dx-sandbox/exchange/consent-engine/jwt_verifier.go:255.16,257.3 1 0
github.com/gov-dx-sandbox/exchange/consent-engine/jwt_verifier.go:259.2,259.19 1 1
github.com/gov-dx-sandbox/exchange/consent-engine/main.go:19.55,20.42 1 1
github.com/gov-dx-sandbox/exchange/consent-engine/main.go:20.42,22.3 1 1
github.com/gov-dx-sandbox/exchange/consent-engine/main.go:23.2,23.21 1 1
github.com/gov-dx-sandbox/exchange/consent-engine/main.go:27.24,28.11 1 1
github.com/gov-dx-sandbox/exchange/consent-engine/main.go:28.11,30.3 1 1
github.com/gov-dx-sandbox/exchange/consent-engine/main.go:31.2,31.10 1 1
github.com/gov-dx-sandbox/exchange/consent-engine/main.go:36.56,37.19 1 1
github.com/gov-dx-sandbox/exchange/consent-engine/main.go:37.19,39.3 1 1
github.com/gov-dx-sandbox/exchange/consent-engine/main.go:42.2,42.21 1 1
github.com/gov-dx-sandbox/exchange/consent-engine/main.go:53.53,54.71 1 1
github.com/gov-dx-sandbox/exchange/consent-engine/main.go:54.71,63.28 6 1
github.com/gov-dx-sandbox/exchange/consent-engine/main.go:63.28,66.4 2 1
github.com/gov-dx-sandbox/exchange/consent-engine/main.go:69.3,69.23 1 1
github.com/gov-dx-sandbox/exchange/consent-engine/main.go:111.152,112.46 1 1
github.com/gov-dx-sandbox/exchange/consent-engine/main.go:112.46,113.72 1 1
github.com/gov-dx-sandbox/exchange/consent-engine/main.go:113.72,118.18 3 1
github.com/gov-dx-sandbox/exchange/consent-engine/main.go:118.18,121.5 2 1
github.com/gov-dx-sandbox/exchange/consent-engine/main.go:124.4,125.23 2 1
github.com/gov-dx-sandbox/exchange/consent-engine/main.go:125.23,128.5 2 0
github.com/gov-dx-sandbox/exchange/consent-engine/main.go:131.4,132.18 2 1
github.com/gov-dx-sandbox/exchange/consent-engine/main.go:132.18,135.5 2 1
github.com/gov-dx-sandbox/exchange/consent-engine/main.go:138.4,139.24 2 1
github.com/gov-dx-sandbox/exchange/consent-engine/main.go:139.24,142.5 2 1
github.com/gov-dx-sandbox/exchange/consent-engine/main.go:145.4,146.52 2 1
github.com/gov-dx-sandbox/exchange/consent-engine/main.go:146.52,149.5 2 1
github.com/gov-dx-sandbox/exchange/consent-engine/main.go:152.4,153.25 2 1
github.com/gov-dx-sandbox/exchange/consent-engine/main.go:153.25,156.5 2 0
github.com/gov-dx-sandbox/exchange/consent-engine/main.go:159.4,164.18 3 1
github.com/gov-dx-sandbox/exchange/consent-engine/main.go:164.18,172.5 3 1
github.com/gov-dx-sandbox/exchange/consent-engine/main.go:173.4,177.18 3 0
github.com/gov-dx-sandbox/exchange/consent-engine/main.go:177.18,181.5 3 0
github.com/gov-dx-sandbox/exchange/consent-engine/main.go:184.4,184.41 1 0
github.com/gov-dx-sandbox/exchange/consent-engine/main.go:184.41,191.5 3 0
github.com/gov-dx-sandbox/exchange/consent-engine/main.go:194.4,202.24 5 0
github.com/gov-dx-sandbox/exchange/consent-engine/main.go:208.186,209.46 1 1
github.com/gov-dx-sandbox/exchange/consent-engine/main.go:209.46,210.72 1 1
github.com/gov-dx-sandbox/exchange/consent-engine/main.go:210.72,213.46 2 1
github.com/gov-dx-sandbox/exchange/consent-engine/main.go:213.46,214.27 1 1
github.com/gov-dx-sandbox/exchange/consent-engine/main.go:214.27,216.11 2 1
github.com/gov-dx-sandbox/exchange/consent-engine/main.go:220.4,220.21 1 1
github.com/gov-dx-sandbox/exchange/consent-engine/main.go:220.21,224.5 2 1
github.com/gov-dx-sandbox/exchange/consent-engine/main.go:227.4,228.31 2 1
github.com/gov-dx-sandbox/exchange/consent-engine/main.go:239.79,243.2 1 1
github.com/gov-dx-sandbox/exchange/consent-engine/main.go:245.75,250.16 3 1
github.com/gov-dx-sandbox/exchange/consent-engine/main.go:250.16,253.3 2 0
github.com/gov-dx-sandbox/exchange/consent-engine/main.go:256.2,258.51 2 1
github.com/gov-dx-sandbox/exchange/consent-engine/main.go:258.51,261.3 2 0
github.com/gov-dx-sandbox/exchange/consent-engine/main.go:264.2,264.21 1 1
github.com/gov-dx-sandbox/exchange/consent-engine/main.go:264.21,267.3 2 1
github.com/gov-dx-sandbox/exchange/consent-engine/main.go:268.2,268.39 1 1
github.com/gov-dx-sandbox/exchange/consent-engine/main.go:268.39,271.3 2 1
github.com/gov-dx-sandbox/exchange/consent-engine/main.go:274.2,274.54 1 1
github.com/gov-dx-sandbox/exchange/consent-engine/main.go:274.54,275.32 1 1
github.com/gov-dx-sandbox/exchange/consent-engine/main.go:275.32,278.4 2 1
github.com/gov-dx-sandbox/exchange/consent-engine/main.go:279.3,279.35 1 1
github.com/gov-dx-sandbox/exchange/consent-engine/main.go:279.35,282.4 2 1
github.com/gov-dx-sandbox/exchange/consent-engine/main.go:284.3,284.44 1 1
github.com/gov-dx-sandbox/exchange/consent-engine/main.go:284.44,285.29 1 1
github.com/gov-dx-sandbox/exchange/consent-engine/main.go:285.29,288.5 2 1
github.com/gov-dx-sandbox/exchange/consent-engine/main.go:289.4,289.28 1 1
github.com/gov-dx-sandbox/exchange/consent-engine/main.go:289.28,292.5 2 1
github.com/gov-dx-sandbox/exchange/consent-engine/main.go:297.2,298.16 2 1
github.com/gov-dx-sandbox/exchange/consent-engine/main.go:298.16,301.3 2 0
github.com/gov-dx-sandbox/exchange/consent-engine/main.go:304.2,308.56 3 1
github.com/gov-dx-sandbox/exchange/consent-engine/main.go:311.75,313.65 2 0
github.com/gov-dx-sandbox/exchange/consent-engine/main.go:313.65,315.17 2 0
github.com/gov-dx-sandbox/exchange/consent-engine/main.go:315.17,317.4 1 0
github.com/gov-dx-sandbox/exchange/consent-engine/main.go:319.3,320.17 2 0
github.com/gov-dx-sandbox/exchange/consent-engine/main.go:320.17,321.50 1 0
github.com/gov-dx-sandbox/exchange/consent-engine/main.go:321.50,323.5 1 0
github.com/gov-dx-sandbox/exchange/consent-engine/main.go:324.4,324.94 1 0
github.com/gov-dx-sandbox/exchange/consent-engine/main.go:328.3,329.38 2 0
github.com/gov-dx-sandbox/exchange/consent-engine/main.go:333.75,335.65 2 0
github.com/gov-dx-sandbox/exchange/consent-engine/main.go:335.65,337.17 2 0
github.com/gov-dx-sandbox/exchange/consent-engine/main.go:337.17,339.4 1 0
github.com/gov-dx-sandbox/exchange/consent-engine/main.go:341.3,342.17 2 0
github.com/gov-dx-sandbox/exchange/consent-engine/main.go:342.17,343.50 1 0
github.com/gov-dx-sandbox/exchange/consent-engine/main.go:343.50,345.5 1 0
github.com/gov-dx-sandbox/exchange/consent-engine/main.go:346.4,346.94 1 0
github.com/gov-dx-sandbox/exchange/consent-engine/main.go:348.3,348.36 1 0
github.com/gov-dx-sandbox/exchange/consent-engine/main.go:353.97,356.61 2 1
github.com/gov-dx-sandbox/exchange/consent-engine/main.go:356.61,359.3 2 0
github.com/gov-dx-sandbox/exchange/consent-engine/main.go:361.2,362.16 2 1
github.com/gov-dx-sandbox/exchange/consent-engine/main.go:362.16,363.49 1 1
github.com/gov-dx-sandbox/exchange/consent-engine/main.go:363.49,365.4 1 1
github.com/gov-dx-sandbox/exchange/consent-engine/main.go:365.9,367.4 1 0
github.com/gov-dx-sandbox/exchange/consent-engine/main.go:368.3,368.9 1 1
github.com/gov-dx-sandbox/exchange/consent-engine/main.go:372.2,373.51 2 1
github.com/gov-dx-sandbox/exchange/consent-engine/main.go:377.96,386.61 2 1
github.com/gov-dx-sandbox/exchange/consent-engine/main.go:386.61,389.3 2 0
github.com/gov-dx-sandbox/exchange/consent-engine/main.go:392.2,393.16 2 1
github.com/gov-dx-sandbox/exchange/consent-engine/main.go:393.16,394.49 1 1
github.com/gov-dx-sandbox/exchange/consent-engine/main.go:394.49,396.4 1 1
github.com/gov-dx-sandbox/exchange/consent-engine/main.go:396.9,398.4 1 0
github.com/gov-dx-sandbox/exchange/consent-engine/main.go:399.3,399.9 1 1
github.com/gov-dx-sandbox/exchange/consent-engine/main.go:403.2,410.22 2 1
github.com/gov-dx-sandbox/exchange/consent-engine/main.go:410.22,412.3 1 1
github.com/gov-dx-sandbox/exchange/consent-engine/main.go:413.2,413.25 1 1
github.com/gov-dx-sandbox/exchange/consent-engine/main.go:413.25,415.3 1 0
github.com/gov-dx-sandbox/exchange/consent-engine/main.go:416.2,416.22 1 1
github.com/gov-dx-sandbox/exchange/consent-engine/main.go:416.22,418.3 1 0
github.com/gov-dx-sandbox/exchange/consent-engine/main.go:419.2,419.29 1 1
github.com/gov-dx-sandbox/exchange/consent-engine/main.go:419.29,421.3 1 1
github.com/gov-dx-sandbox/exchange/consent-engine/main.go:422.2,422.25 1 1
github.com/gov-dx-sandbox/exchange/consent-engine/main.go:422.25,424.3 1 0
github.com/gov-dx-sandbox/exchange/consent-engine/main.go:427.2,428.16 2 1
github.com/gov-dx-sandbox/exchange/consent-engine/main.go:428.16,429.49 1 0
github.com/gov-dx-sandbox/exchange/consent-engine/main.go:429.49,431.4 1 0
github.com/gov-dx-sandbox/exchange/consent-engine/main.go:431.9,433.4 1 0
github.com/gov-dx-sandbox/exchange/consent-engine/main.go:434.3,434.9 1 0
github.com/gov-dx-sandbox/exchange/consent-engine/main.go:436.2,440.51 3 1
github.com/gov-dx-sandbox/exchange/consent-engine/main.go:443.84,444.91 1 1
github.com/gov-dx-sandbox/exchange/consent-engine/main.go:444.91,446.17 2 1
github.com/gov-dx-sandbox/exchange/consent-engine/main.go:446.17,448.4 1 0
github.com/gov-dx-sandbox/exchange/consent-engine/main.go:449.3,453.24 1 1
github.com/gov-dx-sandbox/exchange/consent-engine/main.go:457.83,458.88 1 1
github.com/gov-dx-sandbox/exchange/consent-engine/main.go:458.88,460.17 2 1
github.com/gov-dx-sandbox/exchange/consent-engine/main.go:460.17,462.4 1 0
github.com/gov-dx-sandbox/exchange/consent-engine/main.go:463.3,467.24 1 1
github.com/gov-dx-sandbox/exchange/consent-engine/main.go:471.80,472.62 1 1
github.com/gov-dx-sandbox/exchange/consent-engine/main.go:472.62,474.17 2 1
github.com/gov-dx-sandbox/exchange/consent-engine/main.go:474.17,476.4 1 0
github.com/gov-dx-sandbox/exchange/consent-engine/main.go:479.3,486.28 3 1
github.com/gov-dx-sandbox/exchange/consent-engine/main.go:486.28,488.4 1 1
github.com/gov-dx-sandbox/exchange/consent-engine/main.go:490.3,494.24 1 1
github.com/gov-dx-sandbox/exchange/consent-engine/main.go:499.76,501.9 2 1
github.com/gov-dx-sandbox/exchange/consent-engine/main.go:502.49,504.28 1 1
github.com/gov-dx-sandbox/exchange/consent-engine/main.go:505.10,506.118 1 1
github.com/gov-dx-sandbox/exchange/consent-engine/main.go:511.82,513.9 2 1
github.com/gov-dx-sandbox/exchange/consent-engine/main.go:514.66,517.36 2 1
github.com/gov-dx-sandbox/exchange/consent-engine/main.go:518.66,521.39 2 1
github.com/gov-dx-sandbox/exchange/consent-engine/main.go:522.68,525.38 2 1
github.com/gov-dx-sandbox/exchange/consent-engine/main.go:526.69,529.39 2 1
github.com/gov-dx-sandbox/exchange/consent-engine/main.go:530.10,531.118 1 0
github.com/gov-dx-sandbox/exchange/consent-engine/main.go:535.78,536.32 1 1
github.com/gov-dx-sandbox/exchange/consent-engine/main.go:536.32,538.3 1 1
github.com/gov-dx-sandbox/exchange/consent-engine/main.go:538.8,540.3 1 0
github.com/gov-dx-sandbox/exchange/consent-engine/main.go:543.77,544.32 1 1
github.com/gov-dx-sandbox/exchange/consent-engine/main.go:544.32,546.3 1 1
github.com/gov-dx-sandbox/exchange/consent-engine/main.go:546.8,548.3 1 0
github.com/gov-dx-sandbox/exchange/consent-engine/main.go:551.94,553.16 2 1
github.com/gov-dx-sandbox/exchange/consent-engine/main.go:553.16,556.3 2 1
github.com/gov-dx-sandbox/exchange/consent-engine/main.go:559.2,562.54 2 1
github.com/gov-dx-sandbox/exchange/consent-engine/main.go:565.91,567.16 2 1
github.com/gov-dx-sandbox/exchange/consent-engine/main.go:567.16,570.3 2 1
github.com/gov-dx-sandbox/exchange/consent-engine/main.go:573.2,578.51 2 1
github.com/gov-dx-sandbox/exchange/consent-engine/main.go:581.97,589.61 2 1
github.com/gov-dx-sandbox/exchange/consent-engine/main.go:589.61,592.3 2 0
github.com/gov-dx-sandbox/exchange/consent-engine/main.go:595.2,596.16 2 1
github.com/gov-dx-sandbox/exchange/consent-engine/main.go:596.16,597.49 1 1
github.com/gov-dx-sandbox/exchange/consent-engine/main.go:597.49,599.4 1 1
github.com/gov-dx-sandbox/exchange/consent-engine/main.go:599.9,601.4 1 0
github.com/gov-dx-sandbox/exchange/consent-engine/main.go:602.3,602.9 1 1
github.com/gov-dx-sandbox/exchange/consent-engine/main.go:606.2,607.22 2 1
github.com/gov-dx-sandbox/exchange/consent-engine/main.go:607.22,611.45 3 1
github.com/gov-dx-sandbox/exchange/consent-engine/main.go:611.45,612.33 1 1
github.com/gov-dx-sandbox/exchange/consent-engine/main.go:612.33,614.10 2 1
github.com/gov-dx-sandbox/exchange/consent-engine/main.go:617.3,617.15 1 1
github.com/gov-dx-sandbox/exchange/consent-engine/main.go:617.15,620.4 2 1
github.com/gov-dx-sandbox/exchange/consent-engine/main.go:621.3,621.40 1 1
github.com/gov-dx-sandbox/exchange/consent-engine/main.go:622.8,625.3 1 0
github.com/gov-dx-sandbox/exchange/consent-engine/main.go:628.2,629.18 2 1
github.com/gov-dx-sandbox/exchange/consent-engine/main.go:629.18,630.20 1 1
github.com/gov-dx-sandbox/exchange/consent-engine/main.go:631.23,632.39 1 1
github.com/gov-dx-sandbox/exchange/consent-engine/main.go:633.23,634.39 1 0
github.com/gov-dx-sandbox/exchange/consent-engine/main.go:635.22,636.38 1 0
github.com/gov-dx-sandbox/exchange/consent-engine/main.go:637.22,638.38 1 0
github.com/gov-dx-sandbox/exchange/consent-engine/main.go:639.22,640.47 1 0
github.com/gov-dx-sandbox/exchange/consent-engine/main.go:641.11,642.38 1 0
github.com/gov-dx-sandbox/exchange/consent-engine/main.go:647.2,655.16 3 1
github.com/gov-dx-sandbox/exchange/consent-engine/main.go:655.16,656.49 1 0
github.com/gov-dx-sandbox/exchange/consent-engine/main.go:656.49,658.4 1 0
github.com/gov-dx-sandbox/exchange/consent-engine/main.go:658.9,660.4 1 0
github.com/gov-dx-sandbox/exchange/consent-engine/main.go:661.3,661.9 1 0
github.com/gov-dx-sandbox/exchange/consent-engine/main.go:665.2,669.51 3 1
github.com/gov-dx-sandbox/exchange/consent-engine/main.go:672.77,674.16 2 1
github.com/gov-dx-sandbox/exchange/consent-engine/main.go:674.16,677.3 2 0
github.com/gov-dx-sandbox/exchange/consent-engine/main.go:679.2,679.32 1 1
github.com/gov-dx-sandbox/exchange/consent-engine/main.go:679.32,681.3 1 1
github.com/gov-dx-sandbox/exchange/consent-engine/main.go:681.8,683.3 1 0
github.com/gov-dx-sandbox/exchange/consent-engine/main.go:686.74,688.60 2 1
github.com/gov-dx-sandbox/exchange/consent-engine/main.go:688.60,690.3 1 1
github.com/gov-dx-sandbox/exchange/consent-engine/main.go:690.8,692.3 1 1
github.com/gov-dx-sandbox/exchange/consent-engine/main.go:695.13,714.16 8 0
github.com/gov-dx-sandbox/exchange/consent-engine/main.go:714.16,717.3 2 0
github.com/gov-dx-sandbox/exchange/consent-engine/main.go:718.2,721.41 2 0
github.com/gov-dx-sandbox/exchange/consent-engine/main.go:721.41,724.3 2 0
github.com/gov-dx-sandbox/exchange/consent-engine/main.go:727.2,737.16 7 0
github.com/gov-dx-sandbox/exchange/consent-engine/main.go:737.16,740.3 2 0
github.com/gov-dx-sandbox/exchange/consent-engine/main.go:743.2,763.16 11 0
github.com/gov-dx-sandbox/exchange/consent-engine/main.go:763.16,765.3 1 0
github.com/gov-dx-sandbox/exchange/consent-engine/main.go:765.8,768.3 2 0
github.com/gov-dx-sandbox/exchange/consent-engine/main.go:771.2,809.92 15 0
github.com/gov-dx-sandbox/exchange/consent-engine/main.go:809.92,812.3 2 0
github.com/gov-dx-sandbox/exchange/consent-engine/test_utils.go:22.50,26.17 2 0
github.com/gov-dx-sandbox/exchange/consent-engine/test_utils.go:26.17,28.3 1 0
github.com/gov-dx-sandbox/exchange/consent-engine/test_utils.go:31.2,31.35 1 0
github.com/gov-dx-sandbox/exchange/consent-engine/test_utils.go:35.58,37.2 1 1
github.com/gov-dx-sandbox/exchange/consent-engine/test_utils.go:46.76,66.16 3 1
github.com/gov-dx-sandbox/exchange/consent-engine/test_utils.go:66.16,68.3 1 0
github.com/gov-dx-sandbox/exchange/consent-engine/test_utils.go:71.2,71.41 1 1
github.com/gov-dx-sandbox/exchange/consent-engine/test_utils.go:71.41,73.3 1 0
github.com/gov-dx-sandbox/exchange/consent-engine/test_utils.go:76.2,81.3 2 1
github.com/gov-dx-sandbox/exchange/consent-engine/test_utils.go:85.48,87.16 2 1
github.com/gov-dx-sandbox/exchange/consent-engine/test_utils.go:87.16,89.3 1 0
github.com/gov-dx-sandbox/exchange/consent-engine/test_utils.go:94.97,96.16 2 1
github.com/gov-dx-sandbox/exchange/consent-engine/test_utils.go:96.16,98.3 1 0
github.com/gov-dx-sandbox/exchange/consent-engine/test_utils.go:99.2,99.12 1 1
github.com/gov-dx-sandbox/exchange/consent-engine/test_utils.go:103.111,105.46 1 0
github.com/gov-dx-sandbox/exchange/consent-engine/test_utils.go:105.46,106.52 1 0
github.com/gov-dx-sandbox/exchange/consent-engine/test_utils.go:106.52,109.4 2 0
github.com/gov-dx-sandbox/exchange/consent-engine/test_utils.go:110.8,113.3 1 0
